<?xml version="1.0" encoding="UTF-8"?>
<testng-results ignored="0" total="5" passed="5" failed="0" skipped="0">
  <reporter-output>
  </reporter-output>
  <suite started-at="2022-11-03T18:10:01 IST" name="Default suite" finished-at="2022-11-03T18:10:02 IST" duration-ms="1223">
    <groups>
      <group name="cucumber">
        <method signature="AbstractTestNGCucumberTests.runScenario(io.cucumber.testng.PickleWrapper, io.cucumber.testng.FeatureWrapper)[pri:0, instance:runners.TestAllRunners@3c22fc4c]" name="runScenario" class="io.cucumber.testng.AbstractTestNGCucumberTests"/>
      </group> <!-- cucumber -->
    </groups>
    <test started-at="2022-11-03T18:10:01 IST" name="Default test" finished-at="2022-11-03T18:10:02 IST" duration-ms="1223">
      <class name="runners.TestAllRunners">
        <test-method is-config="true" signature="setUpClass()[pri:0, instance:runners.TestAllRunners@3c22fc4c]" started-at="2022-11-03T18:10:01 IST" name="setUpClass" finished-at="2022-11-03T18:10:02 IST" duration-ms="590" status="PASS">
          <reporter-output>
          </reporter-output>
        </test-method> <!-- setUpClass -->
        <test-method signature="runScenario(io.cucumber.testng.PickleWrapper, io.cucumber.testng.FeatureWrapper)[pri:0, instance:runners.TestAllRunners@3c22fc4c]" started-at="2022-11-03T18:10:02 IST" name="runScenario" description="Runs Cucumber Scenarios" data-provider="scenarios" finished-at="2022-11-03T18:10:02 IST" duration-ms="367" status="PASS">
          <params>
            <param index="0">
              <value>
                <![CDATA["a user wants to delete the data"]]>
              </value>
            </param>
            <param index="1">
              <value>
                <![CDATA["Optional[a user is able to update the data in the database]"]]>
              </value>
            </param>
          </params>
          <reporter-output>
          </reporter-output>
        </test-method> <!-- runScenario -->
        <test-method signature="runScenario(io.cucumber.testng.PickleWrapper, io.cucumber.testng.FeatureWrapper)[pri:0, instance:runners.TestAllRunners@3c22fc4c]" started-at="2022-11-03T18:10:02 IST" name="runScenario" description="Runs Cucumber Scenarios" data-provider="scenarios" finished-at="2022-11-03T18:10:02 IST" duration-ms="23" status="PASS">
          <params>
            <param index="0">
              <value>
                <![CDATA["User Want to get the data from database"]]>
              </value>
            </param>
            <param index="1">
              <value>
                <![CDATA["Optional[Get all Data]"]]>
              </value>
            </param>
          </params>
          <reporter-output>
          </reporter-output>
        </test-method> <!-- runScenario -->
        <test-method signature="runScenario(io.cucumber.testng.PickleWrapper, io.cucumber.testng.FeatureWrapper)[pri:0, instance:runners.TestAllRunners@3c22fc4c]" started-at="2022-11-03T18:10:02 IST" name="runScenario" description="Runs Cucumber Scenarios" data-provider="scenarios" finished-at="2022-11-03T18:10:02 IST" duration-ms="27" status="PASS">
          <params>
            <param index="0">
              <value>
                <![CDATA["User Wants to get the data from database"]]>
              </value>
            </param>
            <param index="1">
              <value>
                <![CDATA["Optional[Get all Data]"]]>
              </value>
            </param>
          </params>
          <reporter-output>
          </reporter-output>
        </test-method> <!-- runScenario -->
        <test-method signature="runScenario(io.cucumber.testng.PickleWrapper, io.cucumber.testng.FeatureWrapper)[pri:0, instance:runners.TestAllRunners@3c22fc4c]" started-at="2022-11-03T18:10:02 IST" name="runScenario" description="Runs Cucumber Scenarios" data-provider="scenarios" finished-at="2022-11-03T18:10:02 IST" duration-ms="32" status="PASS">
          <params>
            <param index="0">
              <value>
                <![CDATA["user is able to give the data"]]>
              </value>
            </param>
            <param index="1">
              <value>
                <![CDATA["Optional[user is able to give the data]"]]>
              </value>
            </param>
          </params>
          <reporter-output>
          </reporter-output>
        </test-method> <!-- runScenario -->
        <test-method signature="runScenario(io.cucumber.testng.PickleWrapper, io.cucumber.testng.FeatureWrapper)[pri:0, instance:runners.TestAllRunners@3c22fc4c]" started-at="2022-11-03T18:10:02 IST" name="runScenario" description="Runs Cucumber Scenarios" data-provider="scenarios" finished-at="2022-11-03T18:10:02 IST" duration-ms="22" status="PASS">
          <params>
            <param index="0">
              <value>
                <![CDATA["user wants to put the data"]]>
              </value>
            </param>
            <param index="1">
              <value>
                <![CDATA["Optional[user is able to update the data in the database]"]]>
              </value>
            </param>
          </params>
          <reporter-output>
          </reporter-output>
        </test-method> <!-- runScenario -->
        <test-method is-config="true" signature="tearDownClass()[pri:0, instance:runners.TestAllRunners@3c22fc4c]" started-at="2022-11-03T18:10:02 IST" name="tearDownClass" finished-at="2022-11-03T18:10:02 IST" duration-ms="15" status="PASS">
          <reporter-output>
          </reporter-output>
        </test-method> <!-- tearDownClass -->
      </class> <!-- runners.TestAllRunners -->
    </test> <!-- Default test -->
  </suite> <!-- Default suite -->
</testng-results>
